<?xml version="1.0" encoding="UTF-8"?>
<testng-results skipped="0" failed="0" ignored="0" total="1" passed="1">
  <reporter-output>
  </reporter-output>
  <suite name="Default suite" duration-ms="11862" started-at="2020-09-05T17:21:20Z" finished-at="2020-09-05T17:21:32Z">
    <groups>
    </groups>
    <test name="Default test" duration-ms="11862" started-at="2020-09-05T17:21:20Z" finished-at="2020-09-05T17:21:32Z">
      <class name="TestcaseClass6.LoginTestCase">
        <test-method status="PASS" signature="setup()[pri:0, instance:TestcaseClass6.LoginTestCase@4520ebad]" name="setup" is-config="true" duration-ms="8819" started-at="2020-09-05T17:21:20Z" finished-at="2020-09-05T17:21:29Z">
          <reporter-output>
          </reporter-output>
        </test-method> <!-- setup -->
        <test-method status="PASS" signature="verifyLogin()[pri:0, instance:TestcaseClass6.LoginTestCase@4520ebad]" name="verifyLogin" duration-ms="1818" started-at="2020-09-05T17:21:29Z" finished-at="2020-09-05T17:21:31Z">
          <reporter-output>
          </reporter-output>
        </test-method> <!-- verifyLogin -->
        <test-method status="PASS" signature="tearDown()[pri:0, instance:TestcaseClass6.LoginTestCase@4520ebad]" name="tearDown" is-config="true" duration-ms="1174" started-at="2020-09-05T17:21:31Z" finished-at="2020-09-05T17:21:32Z">
          <reporter-output>
          </reporter-output>
        </test-method> <!-- tearDown -->
      </class> <!-- TestcaseClass6.LoginTestCase -->
    </test> <!-- Default test -->
  </suite> <!-- Default suite -->
</testng-results>
